Determining if the function pow exists failed with the following output:
Change Dir: /home/yzq0207/Desktop/Linux/cmake-demo/Demo6/build/CMakeFiles/CMakeTmp

Run Build Command(s):/usr/bin/gmake -f Makefile cmTC_1b59f/fast && /usr/bin/gmake  -f CMakeFiles/cmTC_1b59f.dir/build.make CMakeFiles/cmTC_1b59f.dir/build
gmake[1]: Entering directory '/home/yzq0207/Desktop/Linux/cmake-demo/Demo6/build/CMakeFiles/CMakeTmp'
Building C object CMakeFiles/cmTC_1b59f.dir/CheckFunctionExists.c.o
/usr/bin/cc   -DCHECK_FUNCTION_EXISTS=pow -o CMakeFiles/cmTC_1b59f.dir/CheckFunctionExists.c.o -c /usr/share/cmake-3.22/Modules/CheckFunctionExists.c
<command-line>: warning: conflicting types for built-in function ‘pow’; expected ‘double(double,  double)’ [-Wbuiltin-declaration-mismatch]
/usr/share/cmake-3.22/Modules/CheckFunctionExists.c:7:3: note: in expansion of macro ‘CHECK_FUNCTION_EXISTS’
    7 |   CHECK_FUNCTION_EXISTS(void);
      |   ^~~~~~~~~~~~~~~~~~~~~
/usr/share/cmake-3.22/Modules/CheckFunctionExists.c:1:1: note: ‘pow’ is declared in header ‘<math.h>’
  +++ |+#include <math.h>
    1 | #ifdef CHECK_FUNCTION_EXISTS
Linking C executable cmTC_1b59f
/usr/bin/cmake -E cmake_link_script CMakeFiles/cmTC_1b59f.dir/link.txt --verbose=1
/usr/bin/cc  -DCHECK_FUNCTION_EXISTS=pow -rdynamic CMakeFiles/cmTC_1b59f.dir/CheckFunctionExists.c.o -o cmTC_1b59f 
/usr/bin/ld: CMakeFiles/cmTC_1b59f.dir/CheckFunctionExists.c.o: in function `main':
CheckFunctionExists.c:(.text+0x14): undefined reference to `pow'
collect2: error: ld returned 1 exit status
gmake[1]: *** [CMakeFiles/cmTC_1b59f.dir/build.make:99: cmTC_1b59f] Error 1
gmake[1]: Leaving directory '/home/yzq0207/Desktop/Linux/cmake-demo/Demo6/build/CMakeFiles/CMakeTmp'
gmake: *** [Makefile:127: cmTC_1b59f/fast] Error 2



